doc                                            pg      OFF       ON    delta
d77a58485f16_20240705_resources_data_outline    2   0.8385   0.8020  -0.0364
gen2_018_顧客満足度調査報告                              1   0.9329   0.9005  -0.0324
gen2_028_旅費規程                                   1   0.9466   0.9152  -0.0314
0e7af1ae8f21_20230331_resources_open_data_co    6   0.8486   0.8173  -0.0313
c7b923e5c616_20240705_resources_data_outline    2   0.8318   0.8018  -0.0300
gen2_009_安全衛生委員会議事録                             1   0.9556   0.9284  -0.0272
d77a58485f16_20240705_resources_data_outline    1   0.8435   0.8177  -0.0258
gen2_006_出張報告書                                  1   0.9155   0.8901  -0.0253
gen2_011_情報セキュリティポリシー                           1   0.9646   0.9399  -0.0247
gen2_015_リスク管理報告書                               1   0.9627   0.9383  -0.0244
gen2_003_予算申請書                                  1   0.9232   0.8994  -0.0237
3a4f9fbe1a83_001620506                          8   0.9603   0.9368  -0.0235
gen2_015_リスク管理報告書                               2   0.9379   0.9153  -0.0226
c7b923e5c616_20240705_resources_data_outline    3   0.8808   0.8587  -0.0221
gen2_037_管理職ハンドブック                              1   0.8618   0.8398  -0.0219
c7b923e5c616_20240705_resources_data_outline    1   0.8011   0.7796  -0.0214
gen2_021_給与規程                                   1   0.9550   0.9344  -0.0206
gen2_019_社内規程集                                  1   0.8820   0.8624  -0.0196
gen2_050_Disaster_Plan                          2   0.9057   0.8861  -0.0196
gen2_012_個人情報保護方針                               1   0.8595   0.8400  -0.0195
e3c545fac7a7_LOD_Handbook                       1   0.9539   0.9345  -0.0194
gen2_039_品質基準書                                  1   0.9149   0.8967  -0.0182
3a4f9fbe1a83_001620506                          7   0.9517   0.9339  -0.0178
3a4f9fbe1a83_001620506                          6   0.9595   0.9418  -0.0177
gen2_024_テレワーク規程                                1   0.9640   0.9463  -0.0177
0e7af1ae8f21_20230331_resources_open_data_co    4   0.8495   0.8320  -0.0175
gen2_038_営業マニュアル                                1   0.9257   0.9086  -0.0171
gen2_022_退職金規程                                  1   0.9150   0.8982  -0.0168
gen2_004_人事評価シート                                1   0.9422   0.9256  -0.0166
gen2_027_懲戒規程                                   1   0.8880   0.8715  -0.0165
d77a58485f16_20240705_resources_data_outline    6   0.8782   0.8629  -0.0153
gen2_030_車両管理規程                                 1   0.9164   0.9013  -0.0151
gen2_007_業務改善提案書                                1   0.8524   0.8376  -0.0148
09390503aeff_index-17                           1   0.9563   0.9421  -0.0141
gen2_016_新商品企画書                                 1   0.9015   0.8877  -0.0138
ed025cbecffb_index-23                           4   0.8511   0.8373  -0.0138
34140b9c5662_index-14                           5   0.8267   0.8136  -0.0131
6d6dc4ade6c0_index-20                           1   0.9535   0.9404  -0.0130
gen2_057_Marketing_Strategy                     2   0.9484   0.9354  -0.0130
0e7af1ae8f21_20230331_resources_open_data_co    3   0.8402   0.8273  -0.0129
gen2_000_取締役会議事録                                1   0.9619   0.9492  -0.0127
d6fd9a516382_190095                             2   0.9720   0.9595  -0.0124
04b88e7e0b25_index-19                           3   0.8640   0.8519  -0.0121
gen2_026_副業_兼業規程                                1   0.8459   0.8339  -0.0121
gen2_013_コンプライアンス研修資料                           1   0.9035   0.8920  -0.0116
34140b9c5662_index-14                           2   0.8782   0.8669  -0.0114
34140b9c5662_index-14                           1   0.9139   0.9029  -0.0110
3a4f9fbe1a83_001620506                          5   0.9132   0.9023  -0.0109
ed025cbecffb_index-23                           3   0.8267   0.8162  -0.0105
gen2_001_株主総会招集通知                               1   0.9617   0.9516  -0.0101
gen2_036_新入社員ガイド                                2   0.9765   0.9666  -0.0099
04b88e7e0b25_index-19                           4   0.9055   0.8960  -0.0095
gen2_021_給与規程                                   2   0.8784   0.8691  -0.0093
3a4f9fbe1a83_001620506                          3   0.8122   0.8032  -0.0090
0e7af1ae8f21_20230331_resources_open_data_co    2   0.7743   0.7655  -0.0089
gen2_036_新入社員ガイド                                1   0.8161   0.8073  -0.0088
gen2_054_Audit_Report                           1   0.8950   0.8863  -0.0087
b5f706e9f6ad_kyodokenkyuyoushiki_bessi          2   0.8677   0.8591  -0.0086
gen2_066_Data_Processing_Agreement              2   0.9870   0.9786  -0.0085
34140b9c5662_index-14                           4   0.9079   0.8995  -0.0084
gen2_020_就業規則                                   1   0.9217   0.9139  -0.0078
gen2_032_経費精算マニュアル                              1   0.9051   0.8975  -0.0076
ed025cbecffb_index-23                          12   0.9144   0.9069  -0.0075
test_widow                                      2   0.9151   0.9078  -0.0073
gen2_003_予算申請書                                  2   0.9382   0.9309  -0.0073
gen2_077_API_Documentation                      2   0.9528   0.9457  -0.0071
gen2_017_マーケティング戦略書                             1   0.9130   0.9061  -0.0070
gen2_023_育児休業規程                                 1   0.8722   0.8653  -0.0069
gen2_031_文書管理規程                                 1   0.8745   0.8677  -0.0068
a47e6c6b2ca1_order_08                           1   0.7910   0.7842  -0.0068
gen2_060_Employee_Agreement                     2   0.9855   0.9791  -0.0064
test_widow                                      1   0.9115   0.9056  -0.0059
gen2_075_Release_Notes                          1   0.9143   0.9086  -0.0057
2ea81a8441cc_0025006-192                        2   0.7397   0.7344  -0.0053
gen2_010_防災計画書                                  1   0.9420   0.9370  -0.0050
gen_japanese                                    1   0.9712   0.9663  -0.0050
gen2_002_事業計画書                                  1   0.8838   0.8789  -0.0050
gen2_033_受注管理マニュアル                              1   0.8882   0.8834  -0.0048
459f05f1e877_kyodokenkyuyoushiki01              3   0.8461   0.8413  -0.0048
gen2_035_電話対応マニュアル                              1   0.8877   0.8833  -0.0044
d94cb2a61ef4_190096                             1   0.9627   0.9583  -0.0044
ed025cbecffb_index-23                           6   0.7741   0.7697  -0.0044
d77a58485f16_20240705_resources_data_outline   10   0.7604   0.7562  -0.0042
ed025cbecffb_index-23                          11   0.9183   0.9143  -0.0041
d77a58485f16_20240705_resources_data_outline    8   0.8788   0.8748  -0.0040
gen2_059_Company_Handbook                       1   0.9456   0.9418  -0.0038
gen2_075_Release_Notes                          2   0.9565   0.9528  -0.0037
gen2_013_コンプライアンス研修資料                           2   0.9534   0.9497  -0.0037
ed025cbecffb_index-23                           5   0.8471   0.8435  -0.0036
gen2_008_品質管理報告書                                1   0.9570   0.9534  -0.0036
d77a58485f16_20240705_resources_data_outline    3   0.8486   0.8452  -0.0034
1ec1091177b1_006                                1   0.6345   0.6311  -0.0033
gen2_014_内部監査報告書                                1   0.8728   0.8696  -0.0032
gen2_059_Company_Handbook                       2   0.9787   0.9754  -0.0032
gen2_010_防災計画書                                  2   0.9377   0.9346  -0.0031
gen_long                                        1   0.8500   0.8470  -0.0030
04b88e7e0b25_index-19                           5   0.9902   0.9874  -0.0028
d1e8ac8fd1cc_kyodokenkyuyoushiki06              1   0.7958   0.7929  -0.0028
ed025cbecffb_index-23                           7   0.8575   0.8547  -0.0028
8efcd416dfb8_190098                             1   0.9534   0.9508  -0.0026
test_line_height                                1   0.9835   0.9810  -0.0025
338c92d6e393_190097                             1   0.9485   0.9460  -0.0024
15f9755cbccc_190094                             1   0.9506   0.9483  -0.0024
d6fd9a516382_190095                             1   0.9523   0.9499  -0.0024
gen2_067_SLA_Template                           2   0.9836   0.9813  -0.0023
gen2_023_育児休業規程                                 2   0.9889   0.9866  -0.0023
gen2_063_License_Agreement                      1   0.8927   0.8904  -0.0023
7ead52b63f0e_000067058                          1   0.9188   0.9165  -0.0023
test_misc_props                                 1   0.9859   0.9836  -0.0022
gen2_045_Training_Report                        1   0.9538   0.9517  -0.0021
6a39b1812290_001851238                          1   0.9892   0.9871  -0.0021
8bc929011c90_001851240                          1   0.9888   0.9868  -0.0020
gen_proposal                                    1   0.9878   0.9857  -0.0020
ed025cbecffb_index-23                           1   0.8570   0.8550  -0.0020
gen2_034_クレーム対応マニュアル                            1   0.9444   0.9425  -0.0019
test_line_heights                               2   0.9200   0.9182  -0.0018
gen2_035_電話対応マニュアル                              2   0.9918   0.9900  -0.0018
gen2_042_Strategic_Plan                         1   0.9066   0.9048  -0.0018
test_headings                                   1   0.9960   0.9943  -0.0017
0e7af1ae8f21_20230331_resources_open_data_co    5   0.8229   0.8213  -0.0016
gen2_055_Risk_Management_Report                 2   0.9913   0.9897  -0.0016
gen2_068_SOW_Template                           2   0.9823   0.9809  -0.0014
test_keepnext                                   1   0.9825   0.9812  -0.0013
gen2_073_Requirements_Document                  1   0.9013   0.9000  -0.0013
gen2_073_Requirements_Document                  2   0.9701   0.9690  -0.0012
gen2_061_NDA_Template                           1   0.9278   0.9266  -0.0012
1636d28e2c46_tokumei_08_04                      2   0.9034   0.9023  -0.0011
test_line_heights                               1   0.9088   0.9078  -0.0010
0e7af1ae8f21_20230331_resources_open_data_co   10   0.9019   0.9010  -0.0009
9a8e8ddab85b_order_06-1                         1   0.9186   0.9178  -0.0008
ed025cbecffb_index-23                          13   0.8962   0.8953  -0.0008
gen2_005_研修報告書                                  1   0.9359   0.9351  -0.0008
34140b9c5662_index-14                           6   0.9299   0.9292  -0.0007
ed025cbecffb_index-23                           9   0.8973   0.8966  -0.0007
test_heading_page2                              1   0.9902   0.9894  -0.0007
87b29ca447cc_tokumei_08_01-0                    1   0.9793   0.9786  -0.0007
b837808d0555_20240705_resources_data_guideli    7   0.8254   0.8247  -0.0007
04b88e7e0b25_index-19                           1   0.8318   0.8313  -0.0005
gen2_049_Safety_Committee_Minutes               2   0.9793   0.9798  +0.0005
fded6867fcbc_index-15                           1   0.8136   0.8141  +0.0005
a1d6e4efa2e7_tokumei_08_01-4                    6   0.9675   0.9680  +0.0005
pixel_test_sentence                             1   0.9972   0.9979  +0.0007
e201249db062_tokumei_08_05                      1   0.9502   0.9509  +0.0007
gen2_079_Technical_Specification                1   0.9236   0.9243  +0.0007
b837808d0555_20240705_resources_data_guideli    3   0.7632   0.7639  +0.0008
d57289db0a6a_kyodokenkyuyoushiki11              1   0.9115   0.9122  +0.0008
gen_contract                                    1   0.9868   0.9876  +0.0008
gen2_051_Security_Policy                        2   0.9121   0.9130  +0.0010
gen2_046_Travel_Report                          1   0.9035   0.9046  +0.0010
ed025cbecffb_index-23                           8   0.8521   0.8532  +0.0010
test_keepnext                                   2   0.9960   0.9970  +0.0011
gen2_056_Product_Plan                           1   0.8681   0.8692  +0.0011
db9ca18368cd_20241122_resource_open_data_01     3   0.7917   0.7928  +0.0012
gen_report                                      1   0.9859   0.9871  +0.0012
gen_memo                                        1   0.9904   0.9917  +0.0014
test_widow                                      3   0.9924   0.9938  +0.0014
2ea81a8441cc_0025006-192                        1   0.7906   0.7921  +0.0015
gen2_061_NDA_Template                           2   0.9041   0.9058  +0.0017
gen2_040_Board_Meeting_Minutes                  1   0.9166   0.9184  +0.0018
test_lists                                      1   0.9795   0.9813  +0.0018
gen2_000_取締役会議事録                                2   0.9662   0.9681  +0.0019
gen2_042_Strategic_Plan                         2   0.9928   0.9947  +0.0019
gen2_078_Architecture_Decision_Record           1   0.9307   0.9328  +0.0020
gen2_050_Disaster_Plan                          1   0.9231   0.9252  +0.0021
gen2_043_Budget_Proposal                        1   0.9274   0.9295  +0.0021
gen_jp_manual                                   1   0.9754   0.9776  +0.0021
3a4f9fbe1a83_001620506                          1   0.9755   0.9777  +0.0021
29dc6e8943fe_order_01                           1   0.9767   0.9788  +0.0022
gen2_072_Project_Charter                        1   0.9166   0.9188  +0.0022
0e7af1ae8f21_20230331_resources_open_data_co    8   0.9819   0.9840  +0.0022
gen_tables                                      1   0.8878   0.8901  +0.0023
bd90b00ab7a7_order_05                           1   0.7996   0.8019  +0.0023
gen2_004_人事評価シート                                2   0.9656   0.9680  +0.0024
gen_jp_invoice                                  1   0.9844   0.9869  +0.0026
b837808d0555_20240705_resources_data_guideli    5   0.7503   0.7529  +0.0026
gen2_064_Terms_of_Service                       1   0.8728   0.8754  +0.0027
gen2_058_Customer_Survey_Results                1   0.8534   0.8561  +0.0027
e3c545fac7a7_LOD_Handbook                       9   0.8033   0.8060  +0.0027
gen_jp_notice                                   1   0.9864   0.9893  +0.0029
gen2_071_Root_Cause_Analysis                    1   0.9244   0.9274  +0.0030
gen2_048_Quality_Report                         1   0.8784   0.8814  +0.0030
gen2_070_Incident_Report                        1   0.9615   0.9646  +0.0031
gen2_069_Change_Request_Form                    2   0.9891   0.9923  +0.0032
gen2_037_管理職ハンドブック                              2   0.9636   0.9669  +0.0033
e3c545fac7a7_LOD_Handbook                      12   0.9870   0.9903  +0.0034
b837808d0555_20240705_resources_data_guideli    1   0.7978   0.8012  +0.0035
gen2_016_新商品企画書                                 2   0.9876   0.9911  +0.0035
gen2_034_クレーム対応マニュアル                            2   0.9885   0.9920  +0.0035
gen2_068_SOW_Template                           1   0.9029   0.9064  +0.0035
gen2_014_内部監査報告書                                2   0.9638   0.9676  +0.0038
gen2_049_Safety_Committee_Minutes               1   0.8914   0.8952  +0.0038
gen2_009_安全衛生委員会議事録                             2   0.9908   0.9947  +0.0039
gen2_055_Risk_Management_Report                 1   0.8513   0.8552  +0.0039
gen2_065_Privacy_Notice                         1   0.9517   0.9557  +0.0039
gen2_067_SLA_Template                           1   0.8406   0.8446  +0.0040
gen2_041_Annual_Report                          1   0.8608   0.8650  +0.0042
gen2_028_旅費規程                                   2   0.9141   0.9186  +0.0045
gen2_053_Compliance_Training                    1   0.9122   0.9169  +0.0048
db9ca18368cd_20241122_resource_open_data_01     2   0.7483   0.7534  +0.0050
gen2_062_Service_Contract                       1   0.9114   0.9165  +0.0052
gen2_058_Customer_Survey_Results                2   0.9419   0.9473  +0.0053
gen2_076_User_Guide                             1   0.9392   0.9446  +0.0054
gen2_077_API_Documentation                      1   0.9124   0.9179  +0.0055
04b88e7e0b25_index-19                           2   0.8512   0.8567  +0.0055
gen2_066_Data_Processing_Agreement              1   0.9164   0.9221  +0.0056
0e7af1ae8f21_20230331_resources_open_data_co    7   0.7770   0.7827  +0.0057
gen2_074_Test_Plan                              1   0.8976   0.9039  +0.0063
e3c545fac7a7_LOD_Handbook                       2   0.9334   0.9397  +0.0063
3a4f9fbe1a83_001620506                          4   0.8280   0.8348  +0.0068
gen2_057_Marketing_Strategy                     1   0.8872   0.8940  +0.0068
gen2_018_顧客満足度調査報告                              2   0.8178   0.8246  +0.0068
gen2_047_Process_Improvement                    1   0.9589   0.9659  +0.0070
db9ca18368cd_20241122_resource_open_data_01     1   0.8004   0.8080  +0.0076
bd90b00ab7a7_order_05                           2   0.9236   0.9322  +0.0086
3a4f9fbe1a83_001620506                          2   0.8846   0.8937  +0.0092
gen2_029_慶弔見舞金規程                                1   0.9621   0.9720  +0.0099
683ffcab86e2_20230331_resources_open_data_co    2   0.7197   0.7308  +0.0111
gen2_025_ハラスメント防止規程                             1   0.8794   0.8928  +0.0134
d77a58485f16_20240705_resources_data_outline    9   0.7091   0.7239  +0.0148
gen2_051_Security_Policy                        1   0.9147   0.9312  +0.0164
gen2_052_Privacy_Policy                         1   0.9125   0.9290  +0.0165
d77a58485f16_20240705_resources_data_outline    7   0.7524   0.7702  +0.0178
gen2_005_研修報告書                                  2   0.9415   0.9596  +0.0182
gen2_032_経費精算マニュアル                              2   0.8972   0.9155  +0.0183
gen2_001_株主総会招集通知                               2   0.9546   0.9732  +0.0186
gen2_054_Audit_Report                           2   0.9137   0.9338  +0.0202
------------------------------------------------------------------------------
PAGES=410  net=-0.8529  mean=-0.002080  improved=88 regressed=138 same=184
--- per-doc net (sorted) ---
c7b923e5c616_20240705_resources_data_outline_0 net=-0.0735  (3 pg)
0e7af1ae8f21_20230331_resources_open_data_cont net=-0.0652  (10 pg)
3a4f9fbe1a83_001620506                         net=-0.0608  (8 pg)
d77a58485f16_20240705_resources_data_outline_0 net=-0.0563  (12 pg)
ed025cbecffb_index-23                          net=-0.0497  (16 pg)
gen2_015_リスク管理報告書                              net=-0.0470  (2 pg)
34140b9c5662_index-14                          net=-0.0445  (6 pg)
gen2_003_予算申請書                                 net=-0.0310  (2 pg)
gen2_021_給与規程                                  net=-0.0298  (2 pg)
gen2_028_旅費規程                                  net=-0.0269  (2 pg)
gen2_018_顧客満足度調査報告                             net=-0.0256  (2 pg)
gen2_006_出張報告書                                 net=-0.0253  (1 pg)
gen2_011_情報セキュリティポリシー                          net=-0.0247  (1 pg)
gen2_009_安全衛生委員会議事録                            net=-0.0233  (2 pg)
gen2_019_社内規程集                                 net=-0.0197  (2 pg)
04b88e7e0b25_index-19                          net=-0.0193  (5 pg)
gen2_012_個人情報保護方針                              net=-0.0191  (2 pg)
gen2_036_新入社員ガイド                               net=-0.0187  (2 pg)
gen2_037_管理職ハンドブック                             net=-0.0186  (2 pg)
gen2_039_品質基準書                                 net=-0.0182  (1 pg)
gen2_024_テレワーク規程                               net=-0.0176  (3 pg)
gen2_050_Disaster_Plan                         net=-0.0175  (2 pg)
gen2_038_営業マニュアル                               net=-0.0171  (1 pg)
gen2_022_退職金規程                                 net=-0.0168  (1 pg)
gen2_027_懲戒規程                                  net=-0.0165  (1 pg)
gen2_013_コンプライアンス研修資料                          net=-0.0152  (2 pg)
gen2_007_業務改善提案書                               net=-0.0151  (3 pg)
gen2_030_車両管理規程                                net=-0.0151  (1 pg)
d6fd9a516382_190095                            net=-0.0148  (2 pg)
gen2_004_人事評価シート                               net=-0.0142  (2 pg)
09390503aeff_index-17                          net=-0.0141  (1 pg)
6d6dc4ade6c0_index-20                          net=-0.0130  (1 pg)
gen2_026_副業_兼業規程                               net=-0.0119  (2 pg)
test_widow                                     net=-0.0118  (3 pg)
gen2_000_取締役会議事録                               net=-0.0108  (2 pg)
gen2_016_新商品企画書                                net=-0.0103  (2 pg)
gen2_075_Release_Notes                         net=-0.0094  (2 pg)
gen2_023_育児休業規程                                net=-0.0092  (2 pg)
b5f706e9f6ad_kyodokenkyuyoushiki_bessi         net=-0.0088  (2 pg)
gen2_010_防災計画書                                 net=-0.0081  (2 pg)
e3c545fac7a7_LOD_Handbook                      net=-0.0076  (12 pg)
gen2_020_就業規則                                  net=-0.0075  (2 pg)
gen2_059_Company_Handbook                      net=-0.0070  (2 pg)
gen2_017_マーケティング戦略書                            net=-0.0070  (1 pg)
gen2_031_文書管理規程                                net=-0.0068  (1 pg)
a47e6c6b2ca1_order_08                          net=-0.0068  (1 pg)
gen2_057_Marketing_Strategy                    net=-0.0062  (2 pg)
gen2_035_電話対応マニュアル                             net=-0.0062  (2 pg)
gen2_060_Employee_Agreement                    net=-0.0060  (2 pg)
gen_japanese                                   net=-0.0050  (1 pg)
gen2_002_事業計画書                                 net=-0.0050  (1 pg)
gen2_033_受注管理マニュアル                             net=-0.0048  (1 pg)
459f05f1e877_kyodokenkyuyoushiki01             net=-0.0048  (3 pg)
d94cb2a61ef4_190096                            net=-0.0044  (1 pg)
2ea81a8441cc_0025006-192                       net=-0.0038  (2 pg)
gen2_008_品質管理報告書                               net=-0.0036  (1 pg)
1ec1091177b1_006                               net=-0.0033  (1 pg)
gen_long                                       net=-0.0031  (2 pg)
d1e8ac8fd1cc_kyodokenkyuyoushiki06             net=-0.0029  (2 pg)
test_line_heights                              net=-0.0029  (6 pg)
gen2_066_Data_Processing_Agreement             net=-0.0028  (2 pg)
8efcd416dfb8_190098                            net=-0.0026  (1 pg)
test_line_height                               net=-0.0025  (1 pg)
gen2_073_Requirements_Document                 net=-0.0025  (2 pg)
338c92d6e393_190097                            net=-0.0024  (1 pg)
15f9755cbccc_190094                            net=-0.0024  (1 pg)
gen2_063_License_Agreement                     net=-0.0023  (2 pg)
7ead52b63f0e_000067058                         net=-0.0023  (1 pg)
test_misc_props                                net=-0.0022  (1 pg)
gen2_045_Training_Report                       net=-0.0021  (1 pg)
6a39b1812290_001851238                         net=-0.0021  (1 pg)
8bc929011c90_001851240                         net=-0.0020  (1 pg)
gen_proposal                                   net=-0.0020  (1 pg)
test_headings                                  net=-0.0017  (1 pg)
gen2_077_API_Documentation                     net=-0.0016  (2 pg)
1636d28e2c46_tokumei_08_04                     net=-0.0011  (2 pg)
gen2_046_Travel_Report                         net=+0.0010  (1 pg)
gen2_056_Product_Plan                          net=+0.0011  (1 pg)
gen_report                                     net=+0.0012  (1 pg)
gen_memo                                       net=+0.0014  (1 pg)
gen2_034_クレーム対応マニュアル                           net=+0.0016  (2 pg)
gen2_067_SLA_Template                          net=+0.0017  (2 pg)
gen2_040_Board_Meeting_Minutes                 net=+0.0018  (1 pg)
test_lists                                     net=+0.0018  (1 pg)
gen2_078_Architecture_Decision_Record          net=+0.0020  (1 pg)
gen2_043_Budget_Proposal                       net=+0.0021  (1 pg)
gen2_068_SOW_Template                          net=+0.0021  (2 pg)
gen_jp_manual                                  net=+0.0021  (1 pg)
gen2_072_Project_Charter                       net=+0.0022  (1 pg)
gen_tables                                     net=+0.0023  (1 pg)
gen2_064_Terms_of_Service                      net=+0.0023  (2 pg)
gen2_055_Risk_Management_Report                net=+0.0024  (2 pg)
29dc6e8943fe_order_01                          net=+0.0024  (6 pg)
gen_jp_invoice                                 net=+0.0026  (1 pg)
gen_jp_notice                                  net=+0.0029  (1 pg)
gen2_071_Root_Cause_Analysis                   net=+0.0030  (1 pg)
gen2_048_Quality_Report                        net=+0.0030  (1 pg)
gen2_070_Incident_Report                       net=+0.0031  (1 pg)
gen2_069_Change_Request_Form                   net=+0.0036  (2 pg)
gen2_065_Privacy_Notice                        net=+0.0039  (1 pg)
gen2_049_Safety_Committee_Minutes              net=+0.0043  (2 pg)
gen2_041_Annual_Report                         net=+0.0044  (2 pg)
gen2_053_Compliance_Training                   net=+0.0048  (1 pg)
gen2_062_Service_Contract                      net=+0.0052  (1 pg)
gen2_076_User_Guide                            net=+0.0054  (1 pg)
b837808d0555_20240705_resources_data_guideline net=+0.0061  (7 pg)
gen2_074_Test_Plan                             net=+0.0063  (2 pg)
gen2_047_Process_Improvement                   net=+0.0070  (1 pg)
gen2_058_Customer_Survey_Results               net=+0.0080  (2 pg)
gen2_001_株主総会招集通知                              net=+0.0085  (2 pg)
gen2_029_慶弔見舞金規程                               net=+0.0099  (1 pg)
gen2_032_経費精算マニュアル                             net=+0.0108  (2 pg)
bd90b00ab7a7_order_05                          net=+0.0109  (2 pg)
683ffcab86e2_20230331_resources_open_data_cont net=+0.0115  (3 pg)
gen2_054_Audit_Report                          net=+0.0115  (2 pg)
gen2_025_ハラスメント防止規程                            net=+0.0134  (2 pg)
db9ca18368cd_20241122_resource_open_data_01    net=+0.0138  (3 pg)
gen2_052_Privacy_Policy                        net=+0.0165  (1 pg)
gen2_005_研修報告書                                 net=+0.0174  (2 pg)
gen2_051_Security_Policy                       net=+0.0174  (2 pg)